{"message":"Plugins - registering swagger","level":"info","timestamp":"2020-02-06T16:57:55.592Z"}
{"message":"Plugins - registered swagger","level":"info","timestamp":"2020-02-06T16:57:55.600Z"}
{"message":"Server is running on http://MacBook-Pro:3050","level":"info","timestamp":"2020-02-06T16:57:55.646Z"}
{"message":"Plugins - registering swagger","level":"info","timestamp":"2020-02-06T17:30:25.906Z"}
{"message":"Plugins - registered swagger","level":"info","timestamp":"2020-02-06T17:30:25.914Z"}
{"message":"Server is running on http://MacBook-Pro:3050","level":"info","timestamp":"2020-02-06T17:30:25.978Z"}
{"message":"Plugins - registering swagger","level":"info","timestamp":"2020-02-06T17:51:09.416Z"}
{"message":"Plugins - registered swagger","level":"info","timestamp":"2020-02-06T17:51:09.424Z"}
{"message":"Server is running on http://MacBook-Pro:3050","level":"info","timestamp":"2020-02-06T17:51:09.475Z"}
{"message":"\"postUri\" is not allowed to be empty","statusCode":500,"name":"ValidationError","stacktrace":"ValidationError: \"postUri\" is not allowed to be empty","level":"error","timestamp":"2020-02-06T17:51:29.109Z"}
{"message":"Plugins - registering swagger","level":"info","timestamp":"2020-02-06T17:51:43.859Z"}
{"message":"Plugins - registered swagger","level":"info","timestamp":"2020-02-06T17:51:43.868Z"}
{"message":"Server is running on http://MacBook-Pro:3050","level":"info","timestamp":"2020-02-06T17:51:43.905Z"}
{"message":"Plugins - registering swagger","level":"info","timestamp":"2020-02-06T17:52:48.766Z"}
{"message":"Plugins - registered swagger","level":"info","timestamp":"2020-02-06T17:52:48.774Z"}
{"message":"Server is running on http://MacBook-Pro:3050","level":"info","timestamp":"2020-02-06T17:52:48.813Z"}
{"message":"Plugins - registering swagger","level":"info","timestamp":"2020-02-06T17:54:57.147Z"}
{"message":"Plugins - registered swagger","level":"info","timestamp":"2020-02-06T17:54:57.155Z"}
{"message":"Server is running on http://MacBook-Pro:3050","level":"info","timestamp":"2020-02-06T17:54:57.194Z"}
{"message":"Plugins - registering swagger","level":"info","timestamp":"2020-02-06T17:58:07.584Z"}
{"message":"Plugins - registered swagger","level":"info","timestamp":"2020-02-06T17:58:07.591Z"}
{"message":"Server is running on http://MacBook-Pro:3050","level":"info","timestamp":"2020-02-06T17:58:07.646Z"}
{"message":"Plugins - registering swagger","level":"info","timestamp":"2020-02-06T17:58:37.661Z"}
{"message":"Plugins - registered swagger","level":"info","timestamp":"2020-02-06T17:58:37.668Z"}
{"message":"Server is running on http://MacBook-Pro:3050","level":"info","timestamp":"2020-02-06T17:58:37.722Z"}
{"message":"Plugins - registering swagger","level":"info","timestamp":"2020-02-06T18:11:01.908Z"}
{"message":"Plugins - registered swagger","level":"info","timestamp":"2020-02-06T18:11:01.916Z"}
{"message":"Server is running on http://MacBook-Pro:3050","level":"info","timestamp":"2020-02-06T18:11:01.977Z"}
{"message":"Plugins - registering swagger","level":"info","timestamp":"2020-02-06T18:11:51.478Z"}
{"message":"Plugins - registered swagger","level":"info","timestamp":"2020-02-06T18:11:51.486Z"}
{"message":"Server is running on http://MacBook-Pro:3050","level":"info","timestamp":"2020-02-06T18:11:51.542Z"}
{"message":"Plugins - registering swagger","level":"info","timestamp":"2020-02-06T18:12:23.883Z"}
{"message":"Plugins - registered swagger","level":"info","timestamp":"2020-02-06T18:12:23.891Z"}
{"message":"Server is running on http://MacBook-Pro:3050","level":"info","timestamp":"2020-02-06T18:12:23.951Z"}
{"message":"Plugins - registering swagger","level":"info","timestamp":"2020-02-06T18:13:39.027Z"}
{"message":"Plugins - registered swagger","level":"info","timestamp":"2020-02-06T18:13:39.035Z"}
{"message":"Server is running on http://MacBook-Pro:3050","level":"info","timestamp":"2020-02-06T18:13:39.097Z"}
{"message":"Plugins - registering swagger","level":"info","timestamp":"2020-02-06T18:14:13.251Z"}
{"message":"Plugins - registered swagger","level":"info","timestamp":"2020-02-06T18:14:13.259Z"}
{"message":"Server is running on http://MacBook-Pro:3050","level":"info","timestamp":"2020-02-06T18:14:13.318Z"}
{"message":"Plugins - registering swagger","level":"info","timestamp":"2020-02-06T18:15:05.933Z"}
{"message":"Plugins - registered swagger","level":"info","timestamp":"2020-02-06T18:15:05.941Z"}
{"message":"Server is running on http://MacBook-Pro:3050","level":"info","timestamp":"2020-02-06T18:15:06.000Z"}
{"message":"Plugins - registering swagger","level":"info","timestamp":"2020-02-06T18:15:29.094Z"}
{"message":"Plugins - registered swagger","level":"info","timestamp":"2020-02-06T18:15:29.102Z"}
{"message":"Server is running on http://MacBook-Pro:3050","level":"info","timestamp":"2020-02-06T18:15:29.143Z"}
{"message":"Plugins - registering swagger","level":"info","timestamp":"2020-02-06T18:15:55.484Z"}
{"message":"Plugins - registered swagger","level":"info","timestamp":"2020-02-06T18:15:55.492Z"}
{"message":"Server is running on http://MacBook-Pro:3050","level":"info","timestamp":"2020-02-06T18:15:55.537Z"}
{"message":"Plugins - registering swagger","level":"info","timestamp":"2020-02-06T18:20:10.690Z"}
{"message":"Plugins - registered swagger","level":"info","timestamp":"2020-02-06T18:20:10.698Z"}
{"message":"Server is running on http://MacBook-Pro:3050","level":"info","timestamp":"2020-02-06T18:20:10.758Z"}
{"message":"Plugins - registering swagger","level":"info","timestamp":"2020-02-06T18:20:26.645Z"}
{"message":"Plugins - registered swagger","level":"info","timestamp":"2020-02-06T18:20:26.653Z"}
{"message":"Server is running on http://MacBook-Pro:3050","level":"info","timestamp":"2020-02-06T18:20:26.711Z"}
{"message":"Plugins - registering swagger","level":"info","timestamp":"2020-02-06T18:20:39.086Z"}
{"message":"Plugins - registered swagger","level":"info","timestamp":"2020-02-06T18:20:39.094Z"}
{"message":"Server is running on http://MacBook-Pro:3050","level":"info","timestamp":"2020-02-06T18:20:39.147Z"}
{"message":"Plugins - registering swagger","level":"info","timestamp":"2020-02-06T18:20:47.114Z"}
{"message":"Plugins - registered swagger","level":"info","timestamp":"2020-02-06T18:20:47.122Z"}
{"message":"Server is running on http://MacBook-Pro:3050","level":"info","timestamp":"2020-02-06T18:20:47.175Z"}
{"message":"Plugins - registering swagger","level":"info","timestamp":"2020-02-06T18:20:55.355Z"}
{"message":"Plugins - registered swagger","level":"info","timestamp":"2020-02-06T18:20:55.363Z"}
{"message":"Server is running on http://MacBook-Pro:3050","level":"info","timestamp":"2020-02-06T18:20:55.405Z"}
{"message":"Plugins - registering swagger","level":"info","timestamp":"2020-02-06T18:21:04.155Z"}
{"message":"Plugins - registered swagger","level":"info","timestamp":"2020-02-06T18:21:04.162Z"}
{"message":"Server is running on http://MacBook-Pro:3050","level":"info","timestamp":"2020-02-06T18:21:04.205Z"}
{"message":"Plugins - registering swagger","level":"info","timestamp":"2020-02-06T18:21:23.942Z"}
{"message":"Plugins - registered swagger","level":"info","timestamp":"2020-02-06T18:21:23.951Z"}
{"message":"Server is running on http://MacBook-Pro:3050","level":"info","timestamp":"2020-02-06T18:21:23.995Z"}
{"message":"Plugins - registering swagger","level":"info","timestamp":"2020-02-06T18:34:27.845Z"}
{"message":"Plugins - registered swagger","level":"info","timestamp":"2020-02-06T18:34:27.852Z"}
{"message":"Server is running on http://MacBook-Pro:3050","level":"info","timestamp":"2020-02-06T18:34:27.922Z"}
{"message":"Service Unavailable","statusCode":503,"name":"Error","stacktrace":"Error: Service Unavailable\n    at S3UploadController.<anonymous> (/Users/markmunson/OpenSesame/s3_upload/api/src/controllers/s3-upload-controller.ts:57:21)\n    at step (/Users/markmunson/OpenSesame/s3_upload/api/src/controllers/s3-upload-controller.ts:42:23)\n    at Object.next (/Users/markmunson/OpenSesame/s3_upload/api/src/controllers/s3-upload-controller.ts:23:53)\n    at /Users/markmunson/OpenSesame/s3_upload/api/src/controllers/s3-upload-controller.ts:17:71\n    at new Promise (<anonymous>)\n    at __awaiter (/Users/markmunson/OpenSesame/s3_upload/api/src/controllers/s3-upload-controller.ts:13:12)\n    at S3UploadController.getUploadEndpointPost (/Users/markmunson/OpenSesame/s3_upload/api/src/controllers/s3-upload-controller.ts:56:16)\n    at exports.Manager.execute (/Users/markmunson/OpenSesame/s3_upload/api/node_modules/@hapi/hapi/lib/toolkit.js:53:36)\n    at Object.internals.handler (/Users/markmunson/OpenSesame/s3_upload/api/node_modules/@hapi/hapi/lib/handler.js:46:48)\n    at exports.execute (/Users/markmunson/OpenSesame/s3_upload/api/node_modules/@hapi/hapi/lib/handler.js:31:36)","level":"error","timestamp":"2020-02-06T18:34:31.727Z"}
{"message":"Plugins - registering swagger","level":"info","timestamp":"2020-02-06T18:36:06.686Z"}
{"message":"Plugins - registered swagger","level":"info","timestamp":"2020-02-06T18:36:06.693Z"}
{"message":"Server is running on http://MacBook-Pro:3050","level":"info","timestamp":"2020-02-06T18:36:06.743Z"}
{"message":"Plugins - registering swagger","level":"info","timestamp":"2020-02-06T19:03:34.732Z"}
{"message":"Plugins - registered swagger","level":"info","timestamp":"2020-02-06T19:03:34.743Z"}
{"message":"Server is running on http://MacBook-Pro:3050","level":"info","timestamp":"2020-02-06T19:03:34.805Z"}
{"message":"Service Unavailable","statusCode":503,"name":"Error","stacktrace":"Error: Service Unavailable\n    at S3UploadController.<anonymous> (/Users/markmunson/OpenSesame/s3_upload/api/src/controllers/s3-upload-controller.ts:63:21)\n    at step (/Users/markmunson/OpenSesame/s3_upload/api/src/controllers/s3-upload-controller.ts:42:23)\n    at Object.next (/Users/markmunson/OpenSesame/s3_upload/api/src/controllers/s3-upload-controller.ts:23:53)\n    at /Users/markmunson/OpenSesame/s3_upload/api/src/controllers/s3-upload-controller.ts:17:71\n    at new Promise (<anonymous>)\n    at __awaiter (/Users/markmunson/OpenSesame/s3_upload/api/src/controllers/s3-upload-controller.ts:13:12)\n    at S3UploadController.getUploadEndpointPost (/Users/markmunson/OpenSesame/s3_upload/api/src/controllers/s3-upload-controller.ts:56:16)\n    at exports.Manager.execute (/Users/markmunson/OpenSesame/s3_upload/api/node_modules/@hapi/hapi/lib/toolkit.js:53:36)\n    at Object.internals.handler (/Users/markmunson/OpenSesame/s3_upload/api/node_modules/@hapi/hapi/lib/handler.js:46:48)\n    at exports.execute (/Users/markmunson/OpenSesame/s3_upload/api/node_modules/@hapi/hapi/lib/handler.js:31:36)","level":"error","timestamp":"2020-02-06T19:04:30.373Z"}
{"message":"Plugins - registering swagger","level":"info","timestamp":"2020-02-06T19:06:25.337Z"}
{"message":"Plugins - registered swagger","level":"info","timestamp":"2020-02-06T19:06:25.345Z"}
{"message":"Server is running on http://MacBook-Pro:3050","level":"info","timestamp":"2020-02-06T19:06:25.401Z"}
{"message":"Service Unavailable","statusCode":503,"name":"Error","stacktrace":"Error: Service Unavailable\n    at S3UploadController.<anonymous> (/Users/markmunson/OpenSesame/s3_upload/api/src/controllers/s3-upload-controller.ts:63:21)\n    at step (/Users/markmunson/OpenSesame/s3_upload/api/src/controllers/s3-upload-controller.ts:42:23)\n    at Object.next (/Users/markmunson/OpenSesame/s3_upload/api/src/controllers/s3-upload-controller.ts:23:53)\n    at /Users/markmunson/OpenSesame/s3_upload/api/src/controllers/s3-upload-controller.ts:17:71\n    at new Promise (<anonymous>)\n    at __awaiter (/Users/markmunson/OpenSesame/s3_upload/api/src/controllers/s3-upload-controller.ts:13:12)\n    at S3UploadController.getUploadEndpointPost (/Users/markmunson/OpenSesame/s3_upload/api/src/controllers/s3-upload-controller.ts:56:16)\n    at exports.Manager.execute (/Users/markmunson/OpenSesame/s3_upload/api/node_modules/@hapi/hapi/lib/toolkit.js:53:36)\n    at Object.internals.handler (/Users/markmunson/OpenSesame/s3_upload/api/node_modules/@hapi/hapi/lib/handler.js:46:48)\n    at exports.execute (/Users/markmunson/OpenSesame/s3_upload/api/node_modules/@hapi/hapi/lib/handler.js:31:36)","level":"error","timestamp":"2020-02-06T19:06:29.658Z"}
{"message":"Service Unavailable","statusCode":503,"name":"Error","stacktrace":"Error: Service Unavailable\n    at S3UploadController.<anonymous> (/Users/markmunson/OpenSesame/s3_upload/api/src/controllers/s3-upload-controller.ts:63:21)\n    at step (/Users/markmunson/OpenSesame/s3_upload/api/src/controllers/s3-upload-controller.ts:42:23)\n    at Object.next (/Users/markmunson/OpenSesame/s3_upload/api/src/controllers/s3-upload-controller.ts:23:53)\n    at /Users/markmunson/OpenSesame/s3_upload/api/src/controllers/s3-upload-controller.ts:17:71\n    at new Promise (<anonymous>)\n    at __awaiter (/Users/markmunson/OpenSesame/s3_upload/api/src/controllers/s3-upload-controller.ts:13:12)\n    at S3UploadController.getUploadEndpointPost (/Users/markmunson/OpenSesame/s3_upload/api/src/controllers/s3-upload-controller.ts:56:16)\n    at exports.Manager.execute (/Users/markmunson/OpenSesame/s3_upload/api/node_modules/@hapi/hapi/lib/toolkit.js:53:36)\n    at Object.internals.handler (/Users/markmunson/OpenSesame/s3_upload/api/node_modules/@hapi/hapi/lib/handler.js:46:48)\n    at exports.execute (/Users/markmunson/OpenSesame/s3_upload/api/node_modules/@hapi/hapi/lib/handler.js:31:36)","level":"error","timestamp":"2020-02-06T19:16:57.818Z"}
{"message":"Plugins - registering swagger","level":"info","timestamp":"2020-02-06T19:26:28.135Z"}
{"message":"Plugins - registered swagger","level":"info","timestamp":"2020-02-06T19:26:28.142Z"}
{"message":"Server is running on http://MacBook-Pro:3050","level":"info","timestamp":"2020-02-06T19:26:28.205Z"}
{"message":"Plugins - registering swagger","level":"info","timestamp":"2020-02-06T19:29:18.789Z"}
{"message":"Plugins - registered swagger","level":"info","timestamp":"2020-02-06T19:29:18.798Z"}
{"message":"Server is running on http://MacBook-Pro:3050","level":"info","timestamp":"2020-02-06T19:29:18.836Z"}
{"message":"Plugins - registering swagger","level":"info","timestamp":"2020-02-06T19:30:18.312Z"}
{"message":"Plugins - registered swagger","level":"info","timestamp":"2020-02-06T19:30:18.320Z"}
{"message":"Server is running on http://MacBook-Pro:3050","level":"info","timestamp":"2020-02-06T19:30:18.374Z"}
{"message":"Plugins - registering swagger","level":"info","timestamp":"2020-02-06T19:30:59.617Z"}
{"message":"Plugins - registered swagger","level":"info","timestamp":"2020-02-06T19:30:59.626Z"}
{"message":"Server is running on http://MacBook-Pro:3050","level":"info","timestamp":"2020-02-06T19:30:59.687Z"}
{"message":"Plugins - registering swagger","level":"info","timestamp":"2020-02-06T19:31:45.904Z"}
{"message":"Plugins - registered swagger","level":"info","timestamp":"2020-02-06T19:31:45.913Z"}
{"message":"Server is running on http://MacBook-Pro:3050","level":"info","timestamp":"2020-02-06T19:31:45.978Z"}
{"message":"Plugins - registering swagger","level":"info","timestamp":"2020-02-06T19:35:21.737Z"}
{"message":"Plugins - registered swagger","level":"info","timestamp":"2020-02-06T19:35:21.746Z"}
{"message":"Server is running on http://MacBook-Pro:3050","level":"info","timestamp":"2020-02-06T19:35:21.805Z"}
{"message":"Plugins - registering swagger","level":"info","timestamp":"2020-02-06T19:38:50.653Z"}
{"message":"Plugins - registered swagger","level":"info","timestamp":"2020-02-06T19:38:50.660Z"}
{"message":"Server is running on http://MacBook-Pro:3050","level":"info","timestamp":"2020-02-06T19:38:50.724Z"}
{"message":"Service Unavailable","statusCode":503,"name":"Error","stacktrace":"Error: Service Unavailable\n    at S3UploadController.<anonymous> (/Users/markmunson/OpenSesame/s3_upload/api/src/controllers/s3-upload-controller.ts:50:21)\n    at step (/Users/markmunson/OpenSesame/s3_upload/api/src/controllers/s3-upload-controller.ts:42:23)\n    at Object.next (/Users/markmunson/OpenSesame/s3_upload/api/src/controllers/s3-upload-controller.ts:23:53)\n    at /Users/markmunson/OpenSesame/s3_upload/api/src/controllers/s3-upload-controller.ts:17:71\n    at new Promise (<anonymous>)\n    at __awaiter (/Users/markmunson/OpenSesame/s3_upload/api/src/controllers/s3-upload-controller.ts:13:12)\n    at S3UploadController.getUploadEndpointPost (/Users/markmunson/OpenSesame/s3_upload/api/src/controllers/s3-upload-controller.ts:56:16)\n    at exports.Manager.execute (/Users/markmunson/OpenSesame/s3_upload/api/node_modules/@hapi/hapi/lib/toolkit.js:53:36)\n    at Object.internals.handler (/Users/markmunson/OpenSesame/s3_upload/api/node_modules/@hapi/hapi/lib/handler.js:46:48)\n    at exports.execute (/Users/markmunson/OpenSesame/s3_upload/api/node_modules/@hapi/hapi/lib/handler.js:31:36)","level":"error","timestamp":"2020-02-06T19:38:55.259Z"}
{"message":"Plugins - registering swagger","level":"info","timestamp":"2020-02-06T19:42:05.027Z"}
{"message":"Plugins - registered swagger","level":"info","timestamp":"2020-02-06T19:42:05.038Z"}
{"message":"Server is running on http://MacBook-Pro:3050","level":"info","timestamp":"2020-02-06T19:42:05.110Z"}
{"message":"Plugins - registering swagger","level":"info","timestamp":"2020-02-06T19:44:51.262Z"}
{"message":"Plugins - registered swagger","level":"info","timestamp":"2020-02-06T19:44:51.270Z"}
{"message":"Server is running on http://MacBook-Pro:3050","level":"info","timestamp":"2020-02-06T19:44:51.327Z"}
{"message":"Plugins - registering swagger","level":"info","timestamp":"2020-02-06T19:45:14.340Z"}
{"message":"Plugins - registered swagger","level":"info","timestamp":"2020-02-06T19:45:14.348Z"}
{"message":"Server is running on http://MacBook-Pro:3050","level":"info","timestamp":"2020-02-06T19:45:14.388Z"}
{"message":"Plugins - registering swagger","level":"info","timestamp":"2020-02-06T19:48:28.466Z"}
{"message":"Plugins - registered swagger","level":"info","timestamp":"2020-02-06T19:48:28.474Z"}
{"message":"Server is running on http://MacBook-Pro:3050","level":"info","timestamp":"2020-02-06T19:48:28.534Z"}
{"message":"Service Unavailable","statusCode":503,"name":"Error","stacktrace":"Error: Service Unavailable\n    at S3UploadController.<anonymous> (/Users/markmunson/OpenSesame/s3_upload/api/src/controllers/s3-upload-controller.ts:31:21)\n    at step (/Users/markmunson/OpenSesame/s3_upload/api/src/controllers/s3-upload-controller.ts:42:23)\n    at Object.next (/Users/markmunson/OpenSesame/s3_upload/api/src/controllers/s3-upload-controller.ts:23:53)\n    at /Users/markmunson/OpenSesame/s3_upload/api/src/controllers/s3-upload-controller.ts:17:71\n    at new Promise (<anonymous>)\n    at __awaiter (/Users/markmunson/OpenSesame/s3_upload/api/src/controllers/s3-upload-controller.ts:13:12)\n    at S3UploadController.getUploadEndpointPost (/Users/markmunson/OpenSesame/s3_upload/api/src/controllers/s3-upload-controller.ts:56:16)\n    at exports.Manager.execute (/Users/markmunson/OpenSesame/s3_upload/api/node_modules/@hapi/hapi/lib/toolkit.js:53:36)\n    at Object.internals.handler (/Users/markmunson/OpenSesame/s3_upload/api/node_modules/@hapi/hapi/lib/handler.js:46:48)\n    at exports.execute (/Users/markmunson/OpenSesame/s3_upload/api/node_modules/@hapi/hapi/lib/handler.js:31:36)","level":"error","timestamp":"2020-02-06T19:48:32.920Z"}
{"message":"Plugins - registering swagger","level":"info","timestamp":"2020-02-06T19:52:35.064Z"}
{"message":"Plugins - registered swagger","level":"info","timestamp":"2020-02-06T19:52:35.074Z"}
{"message":"Server is running on http://MacBook-Pro:3050","level":"info","timestamp":"2020-02-06T19:52:35.145Z"}
{"message":"Service Unavailable","statusCode":503,"name":"Error","stacktrace":"Error: Service Unavailable\n    at S3UploadController.<anonymous> (/Users/markmunson/OpenSesame/s3_upload/api/src/controllers/s3-upload-controller.ts:51:19)\n    at step (/Users/markmunson/OpenSesame/s3_upload/api/src/controllers/s3-upload-controller.ts:42:23)\n    at Object.next (/Users/markmunson/OpenSesame/s3_upload/api/src/controllers/s3-upload-controller.ts:23:53)\n    at /Users/markmunson/OpenSesame/s3_upload/api/src/controllers/s3-upload-controller.ts:17:71\n    at new Promise (<anonymous>)\n    at __awaiter (/Users/markmunson/OpenSesame/s3_upload/api/src/controllers/s3-upload-controller.ts:13:12)\n    at S3UploadController.getUploadEndpointPut (/Users/markmunson/OpenSesame/s3_upload/api/src/controllers/s3-upload-controller.ts:75:16)\n    at exports.Manager.execute (/Users/markmunson/OpenSesame/s3_upload/api/node_modules/@hapi/hapi/lib/toolkit.js:53:36)\n    at Object.internals.handler (/Users/markmunson/OpenSesame/s3_upload/api/node_modules/@hapi/hapi/lib/handler.js:46:48)\n    at exports.execute (/Users/markmunson/OpenSesame/s3_upload/api/node_modules/@hapi/hapi/lib/handler.js:31:36)","level":"error","timestamp":"2020-02-06T19:52:39.826Z"}
{"message":"Service Unavailable","statusCode":503,"name":"Error","stacktrace":"Error: Service Unavailable\n    at S3UploadController.<anonymous> (/Users/markmunson/OpenSesame/s3_upload/api/src/controllers/s3-upload-controller.ts:31:21)\n    at step (/Users/markmunson/OpenSesame/s3_upload/api/src/controllers/s3-upload-controller.ts:42:23)\n    at Object.next (/Users/markmunson/OpenSesame/s3_upload/api/src/controllers/s3-upload-controller.ts:23:53)\n    at /Users/markmunson/OpenSesame/s3_upload/api/src/controllers/s3-upload-controller.ts:17:71\n    at new Promise (<anonymous>)\n    at __awaiter (/Users/markmunson/OpenSesame/s3_upload/api/src/controllers/s3-upload-controller.ts:13:12)\n    at S3UploadController.getUploadEndpointPost (/Users/markmunson/OpenSesame/s3_upload/api/src/controllers/s3-upload-controller.ts:56:16)\n    at exports.Manager.execute (/Users/markmunson/OpenSesame/s3_upload/api/node_modules/@hapi/hapi/lib/toolkit.js:53:36)\n    at Object.internals.handler (/Users/markmunson/OpenSesame/s3_upload/api/node_modules/@hapi/hapi/lib/handler.js:46:48)\n    at exports.execute (/Users/markmunson/OpenSesame/s3_upload/api/node_modules/@hapi/hapi/lib/handler.js:31:36)","level":"error","timestamp":"2020-02-06T19:52:46.535Z"}
{"message":"Plugins - registering swagger","level":"info","timestamp":"2020-02-06T19:53:57.091Z"}
{"message":"Plugins - registered swagger","level":"info","timestamp":"2020-02-06T19:53:57.099Z"}
{"message":"Server is running on http://MacBook-Pro:3050","level":"info","timestamp":"2020-02-06T19:53:57.152Z"}
{"message":"Service Unavailable","statusCode":503,"name":"Error","stacktrace":"Error: Service Unavailable\n    at S3UploadController.<anonymous> (/Users/markmunson/OpenSesame/s3_upload/api/src/controllers/s3-upload-controller.ts:31:21)\n    at step (/Users/markmunson/OpenSesame/s3_upload/api/src/controllers/s3-upload-controller.ts:42:23)\n    at Object.next (/Users/markmunson/OpenSesame/s3_upload/api/src/controllers/s3-upload-controller.ts:23:53)\n    at /Users/markmunson/OpenSesame/s3_upload/api/src/controllers/s3-upload-controller.ts:17:71\n    at new Promise (<anonymous>)\n    at __awaiter (/Users/markmunson/OpenSesame/s3_upload/api/src/controllers/s3-upload-controller.ts:13:12)\n    at S3UploadController.getUploadEndpointPost (/Users/markmunson/OpenSesame/s3_upload/api/src/controllers/s3-upload-controller.ts:56:16)\n    at exports.Manager.execute (/Users/markmunson/OpenSesame/s3_upload/api/node_modules/@hapi/hapi/lib/toolkit.js:53:36)\n    at Object.internals.handler (/Users/markmunson/OpenSesame/s3_upload/api/node_modules/@hapi/hapi/lib/handler.js:46:48)\n    at exports.execute (/Users/markmunson/OpenSesame/s3_upload/api/node_modules/@hapi/hapi/lib/handler.js:31:36)","level":"error","timestamp":"2020-02-06T19:54:00.933Z"}
{"message":"Plugins - registering swagger","level":"info","timestamp":"2020-02-06T19:55:18.411Z"}
{"message":"Plugins - registered swagger","level":"info","timestamp":"2020-02-06T19:55:18.419Z"}
{"message":"Server is running on http://MacBook-Pro:3050","level":"info","timestamp":"2020-02-06T19:55:18.476Z"}
{"message":"Service Unavailable","statusCode":503,"name":"Error","stacktrace":"Error: Service Unavailable\n    at S3UploadController.<anonymous> (/Users/markmunson/OpenSesame/s3_upload/api/src/controllers/s3-upload-controller.ts:31:21)\n    at step (/Users/markmunson/OpenSesame/s3_upload/api/src/controllers/s3-upload-controller.ts:42:23)\n    at Object.next (/Users/markmunson/OpenSesame/s3_upload/api/src/controllers/s3-upload-controller.ts:23:53)\n    at /Users/markmunson/OpenSesame/s3_upload/api/src/controllers/s3-upload-controller.ts:17:71\n    at new Promise (<anonymous>)\n    at __awaiter (/Users/markmunson/OpenSesame/s3_upload/api/src/controllers/s3-upload-controller.ts:13:12)\n    at S3UploadController.getUploadEndpointPost (/Users/markmunson/OpenSesame/s3_upload/api/src/controllers/s3-upload-controller.ts:56:16)\n    at exports.Manager.execute (/Users/markmunson/OpenSesame/s3_upload/api/node_modules/@hapi/hapi/lib/toolkit.js:53:36)\n    at Object.internals.handler (/Users/markmunson/OpenSesame/s3_upload/api/node_modules/@hapi/hapi/lib/handler.js:46:48)\n    at exports.execute (/Users/markmunson/OpenSesame/s3_upload/api/node_modules/@hapi/hapi/lib/handler.js:31:36)","level":"error","timestamp":"2020-02-06T19:55:21.010Z"}
{"message":"Plugins - registering swagger","level":"info","timestamp":"2020-02-06T19:55:41.281Z"}
{"message":"Plugins - registered swagger","level":"info","timestamp":"2020-02-06T19:55:41.289Z"}
{"message":"Server is running on http://MacBook-Pro:3050","level":"info","timestamp":"2020-02-06T19:55:41.326Z"}
{"message":"Not Found","statusCode":404,"name":"Error","stacktrace":"Error: Not Found\n    at internals.notFound (/Users/markmunson/OpenSesame/s3_upload/api/node_modules/@hapi/hapi/lib/core.js:669:16)\n    at exports.Manager.execute (/Users/markmunson/OpenSesame/s3_upload/api/node_modules/@hapi/hapi/lib/toolkit.js:60:33)\n    at Object.internals.handler (/Users/markmunson/OpenSesame/s3_upload/api/node_modules/@hapi/hapi/lib/handler.js:46:48)\n    at exports.execute (/Users/markmunson/OpenSesame/s3_upload/api/node_modules/@hapi/hapi/lib/handler.js:31:36)\n    at Request._lifecycle (/Users/markmunson/OpenSesame/s3_upload/api/node_modules/@hapi/hapi/lib/request.js:365:68)\n    at processTicksAndRejections (internal/process/task_queues.js:97:5)\n    at Request._execute (/Users/markmunson/OpenSesame/s3_upload/api/node_modules/@hapi/hapi/lib/request.js:274:9)","level":"error","timestamp":"2020-02-06T19:55:43.983Z"}
{"message":"Service Unavailable","statusCode":503,"name":"Error","stacktrace":"Error: Service Unavailable\n    at S3UploadController.<anonymous> (/Users/markmunson/OpenSesame/s3_upload/api/src/controllers/s3-upload-controller.ts:52:19)\n    at step (/Users/markmunson/OpenSesame/s3_upload/api/src/controllers/s3-upload-controller.ts:42:23)\n    at Object.next (/Users/markmunson/OpenSesame/s3_upload/api/src/controllers/s3-upload-controller.ts:23:53)\n    at /Users/markmunson/OpenSesame/s3_upload/api/src/controllers/s3-upload-controller.ts:17:71\n    at new Promise (<anonymous>)\n    at __awaiter (/Users/markmunson/OpenSesame/s3_upload/api/src/controllers/s3-upload-controller.ts:13:12)\n    at S3UploadController.getUploadEndpointPut (/Users/markmunson/OpenSesame/s3_upload/api/src/controllers/s3-upload-controller.ts:75:16)\n    at exports.Manager.execute (/Users/markmunson/OpenSesame/s3_upload/api/node_modules/@hapi/hapi/lib/toolkit.js:53:36)\n    at Object.internals.handler (/Users/markmunson/OpenSesame/s3_upload/api/node_modules/@hapi/hapi/lib/handler.js:46:48)\n    at exports.execute (/Users/markmunson/OpenSesame/s3_upload/api/node_modules/@hapi/hapi/lib/handler.js:31:36)","level":"error","timestamp":"2020-02-06T19:55:53.584Z"}
{"message":"Plugins - registering swagger","level":"info","timestamp":"2020-02-06T19:57:36.762Z"}
{"message":"Plugins - registered swagger","level":"info","timestamp":"2020-02-06T19:57:36.769Z"}
{"message":"Server is running on http://MacBook-Pro:3050","level":"info","timestamp":"2020-02-06T19:57:36.805Z"}
{"message":"Cannot read property 'fileName' of undefined","statusCode":503,"name":"TypeError","stacktrace":"TypeError: Cannot read property 'fileName' of undefined\n    at S3UploadController.<anonymous> (/Users/markmunson/OpenSesame/s3_upload/api/src/controllers/s3-upload-controller.ts:50:62)\n    at step (/Users/markmunson/OpenSesame/s3_upload/api/src/controllers/s3-upload-controller.ts:42:23)\n    at Object.next (/Users/markmunson/OpenSesame/s3_upload/api/src/controllers/s3-upload-controller.ts:23:53)\n    at /Users/markmunson/OpenSesame/s3_upload/api/src/controllers/s3-upload-controller.ts:17:71\n    at new Promise (<anonymous>)\n    at __awaiter (/Users/markmunson/OpenSesame/s3_upload/api/src/controllers/s3-upload-controller.ts:13:12)\n    at S3UploadController.getUploadEndpointPut (/Users/markmunson/OpenSesame/s3_upload/api/src/controllers/s3-upload-controller.ts:75:16)\n    at exports.Manager.execute (/Users/markmunson/OpenSesame/s3_upload/api/node_modules/@hapi/hapi/lib/toolkit.js:53:36)\n    at Object.internals.handler (/Users/markmunson/OpenSesame/s3_upload/api/node_modules/@hapi/hapi/lib/handler.js:46:48)\n    at exports.execute (/Users/markmunson/OpenSesame/s3_upload/api/node_modules/@hapi/hapi/lib/handler.js:31:36)","level":"error","timestamp":"2020-02-06T19:57:38.210Z"}
{"message":"Cannot read property 'fileName' of undefined","statusCode":503,"name":"TypeError","stacktrace":"TypeError: Cannot read property 'fileName' of undefined\n    at S3UploadController.<anonymous> (/Users/markmunson/OpenSesame/s3_upload/api/src/controllers/s3-upload-controller.ts:50:62)\n    at step (/Users/markmunson/OpenSesame/s3_upload/api/src/controllers/s3-upload-controller.ts:42:23)\n    at Object.next (/Users/markmunson/OpenSesame/s3_upload/api/src/controllers/s3-upload-controller.ts:23:53)\n    at /Users/markmunson/OpenSesame/s3_upload/api/src/controllers/s3-upload-controller.ts:17:71\n    at new Promise (<anonymous>)\n    at __awaiter (/Users/markmunson/OpenSesame/s3_upload/api/src/controllers/s3-upload-controller.ts:13:12)\n    at S3UploadController.getUploadEndpointPut (/Users/markmunson/OpenSesame/s3_upload/api/src/controllers/s3-upload-controller.ts:75:16)\n    at exports.Manager.execute (/Users/markmunson/OpenSesame/s3_upload/api/node_modules/@hapi/hapi/lib/toolkit.js:53:36)\n    at Object.internals.handler (/Users/markmunson/OpenSesame/s3_upload/api/node_modules/@hapi/hapi/lib/handler.js:46:48)\n    at exports.execute (/Users/markmunson/OpenSesame/s3_upload/api/node_modules/@hapi/hapi/lib/handler.js:31:36)","level":"error","timestamp":"2020-02-06T19:57:39.782Z"}
{"message":"Cannot read property 'fileName' of undefined","statusCode":503,"name":"TypeError","stacktrace":"TypeError: Cannot read property 'fileName' of undefined\n    at S3UploadController.<anonymous> (/Users/markmunson/OpenSesame/s3_upload/api/src/controllers/s3-upload-controller.ts:50:62)\n    at step (/Users/markmunson/OpenSesame/s3_upload/api/src/controllers/s3-upload-controller.ts:42:23)\n    at Object.next (/Users/markmunson/OpenSesame/s3_upload/api/src/controllers/s3-upload-controller.ts:23:53)\n    at /Users/markmunson/OpenSesame/s3_upload/api/src/controllers/s3-upload-controller.ts:17:71\n    at new Promise (<anonymous>)\n    at __awaiter (/Users/markmunson/OpenSesame/s3_upload/api/src/controllers/s3-upload-controller.ts:13:12)\n    at S3UploadController.getUploadEndpointPut (/Users/markmunson/OpenSesame/s3_upload/api/src/controllers/s3-upload-controller.ts:75:16)\n    at exports.Manager.execute (/Users/markmunson/OpenSesame/s3_upload/api/node_modules/@hapi/hapi/lib/toolkit.js:53:36)\n    at Object.internals.handler (/Users/markmunson/OpenSesame/s3_upload/api/node_modules/@hapi/hapi/lib/handler.js:46:48)\n    at exports.execute (/Users/markmunson/OpenSesame/s3_upload/api/node_modules/@hapi/hapi/lib/handler.js:31:36)","level":"error","timestamp":"2020-02-06T19:58:16.372Z"}
{"message":"Plugins - registering swagger","level":"info","timestamp":"2020-02-06T20:00:00.731Z"}
{"message":"Plugins - registered swagger","level":"info","timestamp":"2020-02-06T20:00:00.738Z"}
{"message":"Server is running on http://MacBook-Pro:3050","level":"info","timestamp":"2020-02-06T20:00:00.775Z"}
{"message":"Cannot read property 'fileName' of undefined","statusCode":503,"name":"TypeError","stacktrace":"TypeError: Cannot read property 'fileName' of undefined\n    at S3UploadController.<anonymous> (/Users/markmunson/OpenSesame/s3_upload/api/src/controllers/s3-upload-controller.ts:51:62)\n    at step (/Users/markmunson/OpenSesame/s3_upload/api/src/controllers/s3-upload-controller.ts:42:23)\n    at Object.next (/Users/markmunson/OpenSesame/s3_upload/api/src/controllers/s3-upload-controller.ts:23:53)\n    at /Users/markmunson/OpenSesame/s3_upload/api/src/controllers/s3-upload-controller.ts:17:71\n    at new Promise (<anonymous>)\n    at __awaiter (/Users/markmunson/OpenSesame/s3_upload/api/src/controllers/s3-upload-controller.ts:13:12)\n    at S3UploadController.getUploadEndpointPut (/Users/markmunson/OpenSesame/s3_upload/api/src/controllers/s3-upload-controller.ts:75:16)\n    at exports.Manager.execute (/Users/markmunson/OpenSesame/s3_upload/api/node_modules/@hapi/hapi/lib/toolkit.js:53:36)\n    at Object.internals.handler (/Users/markmunson/OpenSesame/s3_upload/api/node_modules/@hapi/hapi/lib/handler.js:46:48)\n    at exports.execute (/Users/markmunson/OpenSesame/s3_upload/api/node_modules/@hapi/hapi/lib/handler.js:31:36)","level":"error","timestamp":"2020-02-06T20:00:03.956Z"}
{"message":"Plugins - registering swagger","level":"info","timestamp":"2020-02-06T20:00:17.822Z"}
{"message":"Plugins - registered swagger","level":"info","timestamp":"2020-02-06T20:00:17.830Z"}
{"message":"Server is running on http://MacBook-Pro:3050","level":"info","timestamp":"2020-02-06T20:00:17.866Z"}
{"message":"Plugins - registering swagger","level":"info","timestamp":"2020-02-06T20:00:33.525Z"}
{"message":"Plugins - registered swagger","level":"info","timestamp":"2020-02-06T20:00:33.533Z"}
{"message":"Server is running on http://MacBook-Pro:3050","level":"info","timestamp":"2020-02-06T20:00:33.570Z"}
{"message":"Plugins - registering swagger","level":"info","timestamp":"2020-02-06T20:36:41.513Z"}
{"message":"Plugins - registered swagger","level":"info","timestamp":"2020-02-06T20:36:41.523Z"}
{"message":"Server is running on http://MacBook-Pro:3050","level":"info","timestamp":"2020-02-06T20:36:41.653Z"}
{"message":"Invalid request payload JSON format","statusCode":400,"name":"Error","stacktrace":"Error: Invalid request payload JSON format\n    at Object.internals.object (/Users/markmunson/OpenSesame/s3_upload/api/node_modules/@hapi/subtext/lib/index.js:200:32)\n    at Object.internals.parse (/Users/markmunson/OpenSesame/s3_upload/api/node_modules/@hapi/subtext/lib/index.js:110:22)\n    at processTicksAndRejections (internal/process/task_queues.js:97:5)\n    at Object.exports.parse (/Users/markmunson/OpenSesame/s3_upload/api/node_modules/@hapi/subtext/lib/index.js:57:30)\n    at internals.payload (/Users/markmunson/OpenSesame/s3_upload/api/node_modules/@hapi/hapi/lib/route.js:452:35)\n    at Request._lifecycle (/Users/markmunson/OpenSesame/s3_upload/api/node_modules/@hapi/hapi/lib/request.js:365:32)\n    at Request._execute (/Users/markmunson/OpenSesame/s3_upload/api/node_modules/@hapi/hapi/lib/request.js:274:9)","level":"error","timestamp":"2020-02-06T20:36:44.885Z"}
{"message":"Invalid request payload JSON format","statusCode":400,"name":"Error","stacktrace":"Error: Invalid request payload JSON format\n    at Object.internals.object (/Users/markmunson/OpenSesame/s3_upload/api/node_modules/@hapi/subtext/lib/index.js:200:32)\n    at Object.internals.parse (/Users/markmunson/OpenSesame/s3_upload/api/node_modules/@hapi/subtext/lib/index.js:110:22)\n    at processTicksAndRejections (internal/process/task_queues.js:97:5)\n    at Object.exports.parse (/Users/markmunson/OpenSesame/s3_upload/api/node_modules/@hapi/subtext/lib/index.js:57:30)\n    at internals.payload (/Users/markmunson/OpenSesame/s3_upload/api/node_modules/@hapi/hapi/lib/route.js:452:35)\n    at Request._lifecycle (/Users/markmunson/OpenSesame/s3_upload/api/node_modules/@hapi/hapi/lib/request.js:365:32)\n    at Request._execute (/Users/markmunson/OpenSesame/s3_upload/api/node_modules/@hapi/hapi/lib/request.js:274:9)","level":"error","timestamp":"2020-02-06T20:36:59.092Z"}
{"message":"Plugins - registering swagger","level":"info","timestamp":"2020-02-06T20:38:18.846Z"}
{"message":"Plugins - registered swagger","level":"info","timestamp":"2020-02-06T20:38:18.854Z"}
{"message":"Server is running on http://MacBook-Pro:3050","level":"info","timestamp":"2020-02-06T20:38:18.905Z"}
{"message":"Invalid request payload JSON format","statusCode":400,"name":"Error","stacktrace":"Error: Invalid request payload JSON format\n    at Object.internals.object (/Users/markmunson/OpenSesame/s3_upload/api/node_modules/@hapi/subtext/lib/index.js:200:32)\n    at Object.internals.parse (/Users/markmunson/OpenSesame/s3_upload/api/node_modules/@hapi/subtext/lib/index.js:110:22)\n    at processTicksAndRejections (internal/process/task_queues.js:97:5)\n    at Object.exports.parse (/Users/markmunson/OpenSesame/s3_upload/api/node_modules/@hapi/subtext/lib/index.js:57:30)\n    at internals.payload (/Users/markmunson/OpenSesame/s3_upload/api/node_modules/@hapi/hapi/lib/route.js:452:35)\n    at Request._lifecycle (/Users/markmunson/OpenSesame/s3_upload/api/node_modules/@hapi/hapi/lib/request.js:365:32)\n    at Request._execute (/Users/markmunson/OpenSesame/s3_upload/api/node_modules/@hapi/hapi/lib/request.js:274:9)","level":"error","timestamp":"2020-02-06T20:38:21.902Z"}
{"message":"Invalid request payload input","statusCode":400,"name":"Error","stacktrace":"Error: Invalid request payload input\n    at Object.internals.input (/Users/markmunson/OpenSesame/s3_upload/api/node_modules/@hapi/hapi/lib/validation.js:132:74)\n    at processTicksAndRejections (internal/process/task_queues.js:97:5)","level":"error","timestamp":"2020-02-06T20:38:49.274Z"}
{"message":"Plugins - registering swagger","level":"info","timestamp":"2020-02-06T20:39:12.856Z"}
{"message":"Plugins - registered swagger","level":"info","timestamp":"2020-02-06T20:39:12.864Z"}
{"message":"Server is running on http://MacBook-Pro:3050","level":"info","timestamp":"2020-02-06T20:39:12.917Z"}
{"message":"Plugins - registering swagger","level":"info","timestamp":"2020-02-06T20:39:51.498Z"}
{"message":"Plugins - registered swagger","level":"info","timestamp":"2020-02-06T20:39:51.506Z"}
{"message":"Server is running on http://MacBook-Pro:3050","level":"info","timestamp":"2020-02-06T20:39:51.562Z"}
{"message":"Plugins - registering swagger","level":"info","timestamp":"2020-02-06T20:40:19.637Z"}
{"message":"Plugins - registered swagger","level":"info","timestamp":"2020-02-06T20:40:19.648Z"}
{"message":"Server is running on http://MacBook-Pro:3050","level":"info","timestamp":"2020-02-06T20:40:19.697Z"}
{"message":"Plugins - registering swagger","level":"info","timestamp":"2020-02-06T20:41:38.541Z"}
{"message":"Plugins - registered swagger","level":"info","timestamp":"2020-02-06T20:41:38.549Z"}
{"message":"Server is running on http://MacBook-Pro:3050","level":"info","timestamp":"2020-02-06T20:41:38.587Z"}
{"message":"Invalid request payload JSON format","statusCode":400,"name":"Error","stacktrace":"Error: Invalid request payload JSON format\n    at Object.internals.object (/Users/markmunson/OpenSesame/s3_upload/api/node_modules/@hapi/subtext/lib/index.js:200:32)\n    at Object.internals.parse (/Users/markmunson/OpenSesame/s3_upload/api/node_modules/@hapi/subtext/lib/index.js:110:22)\n    at processTicksAndRejections (internal/process/task_queues.js:97:5)\n    at Object.exports.parse (/Users/markmunson/OpenSesame/s3_upload/api/node_modules/@hapi/subtext/lib/index.js:57:30)\n    at internals.payload (/Users/markmunson/OpenSesame/s3_upload/api/node_modules/@hapi/hapi/lib/route.js:452:35)\n    at Request._lifecycle (/Users/markmunson/OpenSesame/s3_upload/api/node_modules/@hapi/hapi/lib/request.js:365:32)\n    at Request._execute (/Users/markmunson/OpenSesame/s3_upload/api/node_modules/@hapi/hapi/lib/request.js:274:9)","level":"error","timestamp":"2020-02-06T20:41:40.622Z"}
{"message":"\"form\" is not allowed","statusCode":500,"name":"ValidationError","stacktrace":"ValidationError: \"form\" is not allowed","level":"error","timestamp":"2020-02-06T20:41:53.598Z"}
{"message":"Plugins - registering swagger","level":"info","timestamp":"2020-02-06T20:42:35.450Z"}
{"message":"Plugins - registered swagger","level":"info","timestamp":"2020-02-06T20:42:35.458Z"}
{"message":"Server is running on http://MacBook-Pro:3050","level":"info","timestamp":"2020-02-06T20:42:35.496Z"}
{"message":"\"form\" is not allowed","statusCode":500,"name":"ValidationError","stacktrace":"ValidationError: \"form\" is not allowed","level":"error","timestamp":"2020-02-06T20:42:38.200Z"}
{"message":"Plugins - registering swagger","level":"info","timestamp":"2020-02-06T20:44:36.348Z"}
{"message":"Plugins - registered swagger","level":"info","timestamp":"2020-02-06T20:44:36.356Z"}
{"message":"Server is running on http://MacBook-Pro:3050","level":"info","timestamp":"2020-02-06T20:44:36.394Z"}
{"message":"\"form\" is not allowed","statusCode":500,"name":"ValidationError","stacktrace":"ValidationError: \"form\" is not allowed","level":"error","timestamp":"2020-02-06T20:44:38.689Z"}
{"message":"Plugins - registering swagger","level":"info","timestamp":"2020-02-06T20:49:14.530Z"}
{"message":"Plugins - registered swagger","level":"info","timestamp":"2020-02-06T20:49:14.538Z"}
{"message":"Server is running on http://MacBook-Pro:3050","level":"info","timestamp":"2020-02-06T20:49:14.593Z"}
{"message":"\"form\" is not allowed","statusCode":500,"name":"ValidationError","stacktrace":"ValidationError: \"form\" is not allowed","level":"error","timestamp":"2020-02-06T20:49:15.737Z"}
{"message":"Plugins - registering swagger","level":"info","timestamp":"2020-02-06T20:50:36.311Z"}
{"message":"Plugins - registered swagger","level":"info","timestamp":"2020-02-06T20:50:36.319Z"}
{"message":"Server is running on http://MacBook-Pro:3050","level":"info","timestamp":"2020-02-06T20:50:36.377Z"}
{"message":"\"form\" is not allowed","statusCode":500,"name":"ValidationError","stacktrace":"ValidationError: \"form\" is not allowed","level":"error","timestamp":"2020-02-06T20:50:39.566Z"}
{"message":"Plugins - registering swagger","level":"info","timestamp":"2020-02-06T20:51:02.853Z"}
{"message":"Plugins - registered swagger","level":"info","timestamp":"2020-02-06T20:51:02.860Z"}
{"message":"Server is running on http://MacBook-Pro:3050","level":"info","timestamp":"2020-02-06T20:51:02.909Z"}
{"message":"\"form\" is not allowed","statusCode":500,"name":"ValidationError","stacktrace":"ValidationError: \"form\" is not allowed","level":"error","timestamp":"2020-02-06T20:51:07.867Z"}
{"message":"Plugins - registering swagger","level":"info","timestamp":"2020-02-06T20:52:25.684Z"}
{"message":"Plugins - registered swagger","level":"info","timestamp":"2020-02-06T20:52:25.695Z"}
{"message":"Server is running on http://MacBook-Pro:3050","level":"info","timestamp":"2020-02-06T20:52:25.758Z"}
{"message":"\"form\" is not allowed","statusCode":500,"name":"ValidationError","stacktrace":"ValidationError: \"form\" is not allowed","level":"error","timestamp":"2020-02-06T20:52:32.261Z"}
{"message":"Plugins - registering swagger","level":"info","timestamp":"2020-02-06T20:53:47.483Z"}
{"message":"Plugins - registered swagger","level":"info","timestamp":"2020-02-06T20:53:47.492Z"}
{"message":"Server is running on http://MacBook-Pro:3050","level":"info","timestamp":"2020-02-06T20:53:47.538Z"}
{"message":"Plugins - registering swagger","level":"info","timestamp":"2020-02-06T20:55:51.265Z"}
{"message":"Plugins - registered swagger","level":"info","timestamp":"2020-02-06T20:55:51.273Z"}
{"message":"Server is running on http://MacBook-Pro:3050","level":"info","timestamp":"2020-02-06T20:55:51.311Z"}
{"message":"\"form\" is not allowed","statusCode":500,"name":"ValidationError","stacktrace":"ValidationError: \"form\" is not allowed","level":"error","timestamp":"2020-02-06T20:55:56.905Z"}
{"message":"Plugins - registering swagger","level":"info","timestamp":"2020-02-06T20:56:17.903Z"}
{"message":"Plugins - registered swagger","level":"info","timestamp":"2020-02-06T20:56:17.911Z"}
{"message":"Server is running on http://MacBook-Pro:3050","level":"info","timestamp":"2020-02-06T20:56:17.948Z"}
{"message":"\"form\" is not allowed","statusCode":500,"name":"ValidationError","stacktrace":"ValidationError: \"form\" is not allowed","level":"error","timestamp":"2020-02-06T20:56:19.743Z"}
{"message":"Plugins - registering swagger","level":"info","timestamp":"2020-02-06T21:06:35.723Z"}
{"message":"Plugins - registered swagger","level":"info","timestamp":"2020-02-06T21:06:35.732Z"}
{"message":"Server is running on http://MacBook-Pro:3050","level":"info","timestamp":"2020-02-06T21:06:35.773Z"}
{"message":"Plugins - registering swagger","level":"info","timestamp":"2020-02-06T21:07:26.575Z"}
{"message":"Plugins - registered swagger","level":"info","timestamp":"2020-02-06T21:07:26.584Z"}
{"message":"Server is running on http://MacBook-Pro:3050","level":"info","timestamp":"2020-02-06T21:07:26.624Z"}
{"message":"Not Found","statusCode":404,"name":"Error","stacktrace":"Error: Not Found\n    at internals.notFound (/Users/markmunson/OpenSesame/s3_upload/api/node_modules/@hapi/hapi/lib/core.js:669:16)\n    at exports.Manager.execute (/Users/markmunson/OpenSesame/s3_upload/api/node_modules/@hapi/hapi/lib/toolkit.js:60:33)\n    at Object.internals.handler (/Users/markmunson/OpenSesame/s3_upload/api/node_modules/@hapi/hapi/lib/handler.js:46:48)\n    at exports.execute (/Users/markmunson/OpenSesame/s3_upload/api/node_modules/@hapi/hapi/lib/handler.js:31:36)\n    at Request._lifecycle (/Users/markmunson/OpenSesame/s3_upload/api/node_modules/@hapi/hapi/lib/request.js:365:68)\n    at processTicksAndRejections (internal/process/task_queues.js:97:5)\n    at Request._execute (/Users/markmunson/OpenSesame/s3_upload/api/node_modules/@hapi/hapi/lib/request.js:274:9)","level":"error","timestamp":"2020-02-07T16:25:25.510Z"}
{"message":"Plugins - registering swagger","level":"info","timestamp":"2020-02-07T16:34:28.839Z"}
{"message":"Plugins - registered swagger","level":"info","timestamp":"2020-02-07T16:34:28.848Z"}
{"message":"Server is running on http://MacBook-Pro:3050","level":"info","timestamp":"2020-02-07T16:34:28.988Z"}
{"message":"Not Found","statusCode":404,"name":"Error","stacktrace":"Error: Not Found\n    at internals.notFound (/Users/markmunson/OpenSesame/s3_upload/api/node_modules/@hapi/hapi/lib/core.js:669:16)\n    at exports.Manager.execute (/Users/markmunson/OpenSesame/s3_upload/api/node_modules/@hapi/hapi/lib/toolkit.js:60:33)\n    at Object.internals.handler (/Users/markmunson/OpenSesame/s3_upload/api/node_modules/@hapi/hapi/lib/handler.js:46:48)\n    at exports.execute (/Users/markmunson/OpenSesame/s3_upload/api/node_modules/@hapi/hapi/lib/handler.js:31:36)\n    at Request._lifecycle (/Users/markmunson/OpenSesame/s3_upload/api/node_modules/@hapi/hapi/lib/request.js:365:68)\n    at processTicksAndRejections (internal/process/task_queues.js:97:5)\n    at Request._execute (/Users/markmunson/OpenSesame/s3_upload/api/node_modules/@hapi/hapi/lib/request.js:274:9)","level":"error","timestamp":"2020-02-07T16:34:47.704Z"}
{"message":"Plugins - registering swagger","level":"info","timestamp":"2020-02-07T16:36:46.781Z"}
{"message":"Plugins - registered swagger","level":"info","timestamp":"2020-02-07T16:36:46.789Z"}
{"message":"Server is running on http://MacBook-Pro:3050","level":"info","timestamp":"2020-02-07T16:36:46.845Z"}
